0 info it worked if it ends with ok
1 verbose cli [ '/Users/cvig/.nvm/versions/node/v6.10.3/bin/node',
1 verbose cli   '/Users/cvig/.nvm/versions/node/v6.10.3/bin/npm',
1 verbose cli   'publish' ]
2 info using npm@3.10.10
3 info using node@v6.10.3
4 verbose publish [ '.' ]
5 silly cache add args [ '.', null ]
6 verbose cache add spec .
7 silly cache add parsed spec Result {
7 silly cache add   raw: '.',
7 silly cache add   scope: null,
7 silly cache add   escapedName: null,
7 silly cache add   name: null,
7 silly cache add   rawSpec: '.',
7 silly cache add   spec: '/Users/cvig/dev/react-daypicker',
7 silly cache add   type: 'directory' }
8 verbose addLocalDirectory /Users/cvig/.npm/react-daypicker/1.0.4/package.tgz not in flight; packing
9 verbose correctMkdir /Users/cvig/.npm correctMkdir not in flight; initializing
10 info lifecycle react-daypicker@1.0.4~prepublish: react-daypicker@1.0.4
11 silly lifecycle react-daypicker@1.0.4~prepublish: no script for prepublish, continuing
12 verbose tar pack [ '/Users/cvig/.npm/react-daypicker/1.0.4/package.tgz',
12 verbose tar pack   '/Users/cvig/dev/react-daypicker' ]
13 verbose tarball /Users/cvig/.npm/react-daypicker/1.0.4/package.tgz
14 verbose folder /Users/cvig/dev/react-daypicker
15 verbose addLocalTarball adding from inside cache /Users/cvig/.npm/react-daypicker/1.0.4/package.tgz
16 verbose correctMkdir /Users/cvig/.npm correctMkdir not in flight; initializing
17 silly cache afterAdd react-daypicker@1.0.4
18 verbose afterAdd /Users/cvig/.npm/react-daypicker/1.0.4/package/package.json not in flight; writing
19 verbose correctMkdir /Users/cvig/.npm correctMkdir not in flight; initializing
20 verbose afterAdd /Users/cvig/.npm/react-daypicker/1.0.4/package/package.json written
21 silly publish { name: 'react-daypicker',
21 silly publish   version: '1.0.4',
21 silly publish   description: 'A simple datepicker inspired by Pikaday.',
21 silly publish   main: 'lib/DayPicker.js',
21 silly publish   keywords: [ 'date', 'datepicker', 'pikaday', 'dates', 'react' ],
21 silly publish   author: { name: 'Cymen Vig', email: 'cymenvig@gmail.com' },
21 silly publish   license: 'MIT',
21 silly publish   peerDependencies:
21 silly publish    { classnames: '>=2.0.0',
21 silly publish      moment: '2.10 - 2.14 || ^2.15.1',
21 silly publish      react: '>=0.14' },
21 silly publish   devDependencies:
21 silly publish    { 'babel-cli': '^6.18.0',
21 silly publish      'babel-plugin-transform-class-properties': '^6.18.0',
21 silly publish      'babel-plugin-transform-react-jsx': '^6.8.0',
21 silly publish      'babel-preset-es2015': '^6.18.0',
21 silly publish      'node-sass': '^3.10.1' },
21 silly publish   repository:
21 silly publish    { type: 'git',
21 silly publish      url: 'git+https://github.com/cymen/react-daypicker.git' },
21 silly publish   homepage: 'https://github.com/cymen/react-daypicker',
21 silly publish   bugs: { url: 'https://github.com/cymen/react-daypicker/issues' },
21 silly publish   scripts:
21 silly publish    { build: 'babel src -d lib && ./node_modules/node-sass/bin/node-sass src/DayPicker.scss > lib/DayPicker.css',
21 silly publish      test: 'echo "Error: no test specified" && exit 1' },
21 silly publish   dependencies: { 'react-moment-proptypes': '^1.2.0' },
21 silly publish   readme: '# react-daypicker\n\n[![License][license-image]][license-url]\n[![Downloads][downloads-image]][downloads-url]\n\n[![npm badge][npm-badge-png]][package-url]\n\nA simple datepicker inspired by Pikaday.\n\n![DayPicker](https://raw.githubusercontent.com/cymen/react-daypicker/master/react-daypicker.gif)\n\n## Installation\n\n### yarn\n```sh\nyarn add react-daypicker\n```\n\n### npm\n```sh\nnpm install --save react-daypicker\n```\n\n## Usage\n\n```javascript\nimport \'react-daypicker/lib/DayPicker.css\';\nimport DayPicker from \'react-daypicker\';\n```\n\nThe only required property is `onDayClick` which is called when a day is clicked.\n\n```javascript\n<DayPicker onDayClick={(day) => this.setState({ day })} />\n```\n\nAn optional property `active` can be added in order to mark a day as active:\n\n```javascript\n<DayPicker\n  active={moment().add(1, \'day\')}\n  onDayClick={(day) => this.setState({ day })}\n/>\n```\n\nNote that `active` is expected to be an instance of moment from Moment.js.\n\n## Options on styling\n\nYou can import the Sass stylesheet instead:\n\n```\nimport \'react-daypicker/src/DayPicker.scss\';\n```\n\nThe root element is `.react-daypicker-root`. The default styling is\nintentionally monochrome and basic so that you can drop it into your project\nwithout having to fiddle with styles right away.\n\n## Dependencies\n\n### Direct\n\n* react-moment-proptypes\n\n### Peer\n\n* React\n* Moment.js\n* classnames\n\n## Developing\n\nSee `package.json` for details but simply run:\n\n```sh\nnpm run build\n```\n[package-url]: https://npmjs.org/package/react-daypicker\n[npm-version-svg]: http://versionbadg.es/cymen/react-daypicker.svg\n[npm-badge-png]: https://nodei.co/npm/react-daypicker.png?downloads=true&stars=true\n[license-image]: http://img.shields.io/npm/l/react-daypicker.svg\n[license-url]: LICENSE\n[downloads-image]: http://img.shields.io/npm/dm/react-daypicker.svg\n[downloads-url]: http://npm-stat.com/charts.html?package=react-daypicker\n',
21 silly publish   readmeFilename: 'README.md',
21 silly publish   gitHead: 'd559f5a1a2c1845ed7e6679f61ac6a859d7f18e9',
21 silly publish   _id: 'react-daypicker@1.0.4',
21 silly publish   _shasum: 'eee8ea75a76c8583a90abb54ff89abd247ab8915',
21 silly publish   _from: '.' }
22 verbose getPublishConfig undefined
23 silly mapToRegistry name react-daypicker
24 silly mapToRegistry using default registry
25 silly mapToRegistry registry https://registry.npmjs.org/
26 silly mapToRegistry data Result {
26 silly mapToRegistry   raw: 'react-daypicker',
26 silly mapToRegistry   scope: null,
26 silly mapToRegistry   escapedName: 'react-daypicker',
26 silly mapToRegistry   name: 'react-daypicker',
26 silly mapToRegistry   rawSpec: '',
26 silly mapToRegistry   spec: 'latest',
26 silly mapToRegistry   type: 'tag' }
27 silly mapToRegistry uri https://registry.npmjs.org/react-daypicker
28 verbose publish registryBase https://registry.npmjs.org/
29 silly publish uploading /Users/cvig/.npm/react-daypicker/1.0.4/package.tgz
30 verbose request uri https://registry.npmjs.org/react-daypicker
31 verbose request sending authorization for write operation
32 info attempt registry request try #1 at 2:57:37 PM
33 verbose request using bearer token for auth
34 verbose request id 1b95fbfced3bb93f
35 http request PUT https://registry.npmjs.org/react-daypicker
36 http 403 https://registry.npmjs.org/react-daypicker
37 verbose headers { 'content-type': 'application/json',
37 verbose headers   'cache-control': 'max-age=300',
37 verbose headers   'content-length': '95',
37 verbose headers   'accept-ranges': 'bytes',
37 verbose headers   date: 'Wed, 14 Jun 2017 18:57:38 GMT',
37 verbose headers   via: '1.1 varnish',
37 verbose headers   connection: 'keep-alive',
37 verbose headers   'x-served-by': 'cache-ord1728-ORD',
37 verbose headers   'x-cache': 'MISS',
37 verbose headers   'x-cache-hits': '0',
37 verbose headers   'x-timer': 'S1497466657.308600,VS0,VE939',
37 verbose headers   vary: 'Accept-Encoding' }
38 verbose request invalidating /Users/cvig/.npm/registry.npmjs.org/react-daypicker on PUT
39 error publish Failed PUT 403
40 verbose stack Error: "You cannot publish over the previously published version 1.0.4." : react-daypicker
40 verbose stack     at makeError (/Users/cvig/.nvm/versions/node/v6.10.3/lib/node_modules/npm/node_modules/npm-registry-client/lib/request.js:302:12)
40 verbose stack     at CachingRegistryClient.<anonymous> (/Users/cvig/.nvm/versions/node/v6.10.3/lib/node_modules/npm/node_modules/npm-registry-client/lib/request.js:290:14)
40 verbose stack     at Request._callback (/Users/cvig/.nvm/versions/node/v6.10.3/lib/node_modules/npm/node_modules/npm-registry-client/lib/request.js:210:14)
40 verbose stack     at Request.self.callback (/Users/cvig/.nvm/versions/node/v6.10.3/lib/node_modules/npm/node_modules/request/request.js:187:22)
40 verbose stack     at emitTwo (events.js:106:13)
40 verbose stack     at Request.emit (events.js:191:7)
40 verbose stack     at Request.<anonymous> (/Users/cvig/.nvm/versions/node/v6.10.3/lib/node_modules/npm/node_modules/request/request.js:1048:10)
40 verbose stack     at emitOne (events.js:96:13)
40 verbose stack     at Request.emit (events.js:188:7)
40 verbose stack     at IncomingMessage.<anonymous> (/Users/cvig/.nvm/versions/node/v6.10.3/lib/node_modules/npm/node_modules/request/request.js:969:12)
41 verbose statusCode 403
42 verbose pkgid react-daypicker
43 verbose cwd /Users/cvig/dev/react-daypicker
44 error Darwin 16.6.0
45 error argv "/Users/cvig/.nvm/versions/node/v6.10.3/bin/node" "/Users/cvig/.nvm/versions/node/v6.10.3/bin/npm" "publish"
46 error node v6.10.3
47 error npm  v3.10.10
48 error code E403
49 error "You cannot publish over the previously published version 1.0.4." : react-daypicker
50 error If you need help, you may report this error at:
50 error     <https://github.com/npm/npm/issues>
51 verbose exit [ 1, true ]
